Using pre-set license
Built from '2020.3/staging' branch; Version is '2020.3.8f1 (507919d4fff5) revision 5273881'; Using compiler version '192528614'; Build Type 'Release'
OS: 'Windows 10 Home; OS build 19044.1526; Version 2009; 64bit' Language: 'en' Physical Memory: 32509 MB
BatchMode: 1, IsHumanControllingUs: 0, StartBugReporterOnCrash: 0, Is64bit: 1, IsPro: 0

 COMMAND LINE ARGUMENTS:
C:\Program Files\Unity\Hub\Editor\2020.3.8f1\Editor\Unity.exe
-adb2
-batchMode
-noUpm
-name
AssetImportWorker0
-projectPath
C:/Users/Alain Schaerer/Desktop/editor
-logFile
Logs/AssetImportWorker0.log
-srvPort
62671
Successfully changed project path to: C:/Users/Alain Schaerer/Desktop/editor
C:/Users/Alain Schaerer/Desktop/editor
Using Asset Import Pipeline V2.
Refreshing native plugins compatible for Editor in 67.01 ms, found 5 plugins.
Preloading 0 native plugins for Editor in 0.00 ms.
Initialize engine version: 2020.3.8f1 (507919d4fff5)
[Subsystems] Discovering subsystems at path C:/Program Files/Unity/Hub/Editor/2020.3.8f1/Editor/Data/Resources/UnitySubsystems
[Subsystems] Discovering subsystems at path C:/Users/Alain Schaerer/Desktop/editor/Assets
GfxDevice: creating device client; threaded=0
Direct3D:
    Version:  Direct3D 11.0 [level 11.1]
    Renderer: NVIDIA GeForce GTX 970 (ID=0x13c2)
    Vendor:   
    VRAM:     4043 MB
    Driver:   27.21.14.5671
Shader 'Universal Render Pipeline/Particles/Lit': fallback shader 'Universal Render Pipeline/Particles/SimpleLit' not found
Initialize mono
Mono path[0] = 'C:/Program Files/Unity/Hub/Editor/2020.3.8f1/Editor/Data/Managed'
Mono path[1] = 'C:/Program Files/Unity/Hub/Editor/2020.3.8f1/Editor/Data/MonoBleedingEdge/lib/mono/unityjit'
Mono config path = 'C:/Program Files/Unity/Hub/Editor/2020.3.8f1/Editor/Data/MonoBleedingEdge/etc'
Using monoOptions --debugger-agent=transport=dt_socket,embedding=1,server=y,suspend=n,address=127.0.0.1:56480
Begin MonoManager ReloadAssembly
Registering precompiled unity dll's ...
Register platform support module: C:/Program Files/Unity/Hub/Editor/2020.3.8f1/Editor/Data/PlaybackEngines/WindowsStandaloneSupport/UnityEditor.WindowsStandalone.Extensions.dll
Registered in 0.001688 seconds.
Native extension for WindowsStandalone target not found
Refreshing native plugins compatible for Editor in 60.00 ms, found 5 plugins.
Preloading 0 native plugins for Editor in 0.00 ms.
Mono: successfully reloaded assembly
- Completed reload, in  2.204 seconds
Platform modules already initialized, skipping
Registering precompiled user dll's ...
Registered in 0.008834 seconds.
Begin MonoManager ReloadAssembly
Native extension for WindowsStandalone target not found
Refreshing native plugins compatible for Editor in 60.07 ms, found 5 plugins.
Preloading 0 native plugins for Editor in 0.00 ms.
Mono: successfully reloaded assembly
- Completed reload, in  1.178 seconds
Platform modules already initialized, skipping
========================================================================
Worker process is ready to serve import requests
Shader 'Universal Render Pipeline/Particles/Lit': fallback shader 'Universal Render Pipeline/Particles/SimpleLit' not found
Launched and connected shader compiler UnityShaderCompiler.exe after 0.03 seconds
Refreshing native plugins compatible for Editor in 0.47 ms, found 5 plugins.
Preloading 0 native plugins for Editor in 0.00 ms.
Unloading 3331 Unused Serialized files (Serialized files now loaded: 0)
System memory in use before: 141.6 MB.
System memory in use after: 141.7 MB.

Unloading 56 unused Assets to reduce memory usage. Loaded Objects now: 3789.
Total: 1.756200 ms (FindLiveObjects: 0.148600 ms CreateObjectMapping: 0.062400 ms MarkObjects: 1.449000 ms  DeleteObjects: 0.095600 ms)

========================================================================
Received Import Request.
  path: Assets/Assets.index
  artifactKey: Guid(413799c53737bb447b723eb3893944c7) Importer(815301076,1909f56bfc062723c751e8b465ee728b)
Start importing Assets/Assets.index using Guid(413799c53737bb447b723eb3893944c7) Importer(815301076,1909f56bfc062723c751e8b465ee728b)  -> (artifact id: '62879d481f0215613369559d202daec5') in 0.051805 seconds
  Import took 0.055671 seconds .

========================================================================
Received Import Request.
  Time since last request: 38.752614 seconds.
  path: Assets/NewBehaviourScript.cs
  artifactKey: Guid(d6f56e678fb5b2f41947ab97dce01455) Importer(815301076,1909f56bfc062723c751e8b465ee728b)
Start importing Assets/NewBehaviourScript.cs using Guid(d6f56e678fb5b2f41947ab97dce01455) Importer(815301076,1909f56bfc062723c751e8b465ee728b)  -> (artifact id: '578b81f784e4d5f8931457944da0d0bc') in 0.030442 seconds
  Import took 0.035322 seconds .

========================================================================
Received Import Request.
  Time since last request: 0.476890 seconds.
  path: Assets/Assets.index
  artifactKey: Guid(413799c53737bb447b723eb3893944c7) Importer(815301076,1909f56bfc062723c751e8b465ee728b)
Start importing Assets/Assets.index using Guid(413799c53737bb447b723eb3893944c7) Importer(815301076,1909f56bfc062723c751e8b465ee728b)  -> (artifact id: 'e9474db3d5345170659e94e914560c5d') in 0.018776 seconds
  Import took 0.025896 seconds .

========================================================================
Received Import Request.
  Time since last request: 3.056847 seconds.
  path: Assets/Assets.index
  artifactKey: Guid(413799c53737bb447b723eb3893944c7) Importer(815301076,1909f56bfc062723c751e8b465ee728b)
Start importing Assets/Assets.index using Guid(413799c53737bb447b723eb3893944c7) Importer(815301076,1909f56bfc062723c751e8b465ee728b)  -> (artifact id: 'e3402265536ba01ca2c06f5a81fce432') in 0.008339 seconds
  Import took 0.013098 seconds .

========================================================================
Received Import Request.
  Time since last request: 101.070495 seconds.
  path: Assets/Comparer.cs
  artifactKey: Guid(0e6134acf6381f141ab37e3bf8d72fff) Importer(815301076,1909f56bfc062723c751e8b465ee728b)
Start importing Assets/Comparer.cs using Guid(0e6134acf6381f141ab37e3bf8d72fff) Importer(815301076,1909f56bfc062723c751e8b465ee728b)  -> (artifact id: 'af5ff5c828982794aab1d39a33200d3f') in 0.009557 seconds
  Import took 0.015586 seconds .

========================================================================
Received Import Request.
  Time since last request: 0.475428 seconds.
  path: Assets/Assets.index
  artifactKey: Guid(413799c53737bb447b723eb3893944c7) Importer(815301076,1909f56bfc062723c751e8b465ee728b)
Start importing Assets/Assets.index using Guid(413799c53737bb447b723eb3893944c7) Importer(815301076,1909f56bfc062723c751e8b465ee728b)  -> (artifact id: '1df599914fbb43eed77c89983fd7341c') in 0.005055 seconds
  Import took 0.009698 seconds .

========================================================================
Received Import Request.
  Time since last request: 18.531340 seconds.
  path: Assets/Comparer.cs
  artifactKey: Guid(0e6134acf6381f141ab37e3bf8d72fff) Importer(815301076,1909f56bfc062723c751e8b465ee728b)
Start importing Assets/Comparer.cs using Guid(0e6134acf6381f141ab37e3bf8d72fff) Importer(815301076,1909f56bfc062723c751e8b465ee728b)  -> (artifact id: '46929bb67082eb2ab0c2f59425069b8a') in 0.004161 seconds
  Import took 0.009349 seconds .

========================================================================
Received Import Request.
  Time since last request: 0.027429 seconds.
  path: Assets/Comparer.cs
  artifactKey: Guid(0e6134acf6381f141ab37e3bf8d72fff) Importer(815301076,1909f56bfc062723c751e8b465ee728b)
Start importing Assets/Comparer.cs using Guid(0e6134acf6381f141ab37e3bf8d72fff) Importer(815301076,1909f56bfc062723c751e8b465ee728b)  -> (artifact id: '46929bb67082eb2ab0c2f59425069b8a') in 0.003249 seconds
  Import took 0.008356 seconds .

========================================================================
Received Import Request.
  Time since last request: 46.332695 seconds.
  path: Assets/Comparer.cs
  artifactKey: Guid(0e6134acf6381f141ab37e3bf8d72fff) Importer(815301076,1909f56bfc062723c751e8b465ee728b)
Start importing Assets/Comparer.cs using Guid(0e6134acf6381f141ab37e3bf8d72fff) Importer(815301076,1909f56bfc062723c751e8b465ee728b)  -> (artifact id: 'fa5cb3f4efe539640b3a9e6817d94672') in 0.004230 seconds
  Import took 0.009897 seconds .

========================================================================
Received Import Request.
  Time since last request: 0.043428 seconds.
  path: Assets/Assets.index
  artifactKey: Guid(413799c53737bb447b723eb3893944c7) Importer(815301076,1909f56bfc062723c751e8b465ee728b)
Start importing Assets/Assets.index using Guid(413799c53737bb447b723eb3893944c7) Importer(815301076,1909f56bfc062723c751e8b465ee728b)  -> (artifact id: '67a6a7540eb9205573186a3871271105') in 0.006933 seconds
  Import took 0.012039 seconds .

========================================================================
Received Import Request.
  Time since last request: 0.008175 seconds.
  path: Assets/Assets.index
  artifactKey: Guid(413799c53737bb447b723eb3893944c7) Importer(815301076,1909f56bfc062723c751e8b465ee728b)
Start importing Assets/Assets.index using Guid(413799c53737bb447b723eb3893944c7) Importer(815301076,1909f56bfc062723c751e8b465ee728b)  -> (artifact id: '67a6a7540eb9205573186a3871271105') in 0.005815 seconds
  Import took 0.010685 seconds .

========================================================================
Received Import Request.
  Time since last request: 383.455893 seconds.
  path: Assets/Comparer.cs
  artifactKey: Guid(0e6134acf6381f141ab37e3bf8d72fff) Importer(815301076,1909f56bfc062723c751e8b465ee728b)
Start importing Assets/Comparer.cs using Guid(0e6134acf6381f141ab37e3bf8d72fff) Importer(815301076,1909f56bfc062723c751e8b465ee728b)  -> (artifact id: 'ff7cb3e1fa3190e839fcc6f5944cf7b1') in 0.005635 seconds
  Import took 0.010622 seconds .

========================================================================
Received Import Request.
  Time since last request: 0.041924 seconds.
  path: Assets/Assets.index
  artifactKey: Guid(413799c53737bb447b723eb3893944c7) Importer(815301076,1909f56bfc062723c751e8b465ee728b)
Start importing Assets/Assets.index using Guid(413799c53737bb447b723eb3893944c7) Importer(815301076,1909f56bfc062723c751e8b465ee728b)  -> (artifact id: '1b3670d7838d738bc942f80e74039e06') in 0.006685 seconds
  Import took 0.011813 seconds .

========================================================================
Received Import Request.
  Time since last request: 101.299332 seconds.
  path: Assets/Comparer.cs
  artifactKey: Guid(0e6134acf6381f141ab37e3bf8d72fff) Importer(815301076,1909f56bfc062723c751e8b465ee728b)
Start importing Assets/Comparer.cs using Guid(0e6134acf6381f141ab37e3bf8d72fff) Importer(815301076,1909f56bfc062723c751e8b465ee728b)  -> (artifact id: '1667851a08edbf76c5d308619323954e') in 0.004927 seconds
  Import took 0.009891 seconds .

========================================================================
Received Import Request.
  Time since last request: 0.042589 seconds.
  path: Assets/Assets.index
  artifactKey: Guid(413799c53737bb447b723eb3893944c7) Importer(815301076,1909f56bfc062723c751e8b465ee728b)
Start importing Assets/Assets.index using Guid(413799c53737bb447b723eb3893944c7) Importer(815301076,1909f56bfc062723c751e8b465ee728b)  -> (artifact id: 'c668408c530d311effbdc60ed06e7be1') in 0.008126 seconds
  Import took 0.012947 seconds .

========================================================================
Received Import Request.
  Time since last request: 0.007899 seconds.
  path: Assets/Assets.index
  artifactKey: Guid(413799c53737bb447b723eb3893944c7) Importer(815301076,1909f56bfc062723c751e8b465ee728b)
Start importing Assets/Assets.index using Guid(413799c53737bb447b723eb3893944c7) Importer(815301076,1909f56bfc062723c751e8b465ee728b)  -> (artifact id: 'c668408c530d311effbdc60ed06e7be1') in 0.007133 seconds
  Import took 0.012290 seconds .

========================================================================
Received Import Request.
  Time since last request: 9.633511 seconds.
  path: Assets/Comparer.cs
  artifactKey: Guid(0e6134acf6381f141ab37e3bf8d72fff) Importer(815301076,1909f56bfc062723c751e8b465ee728b)
Start importing Assets/Comparer.cs using Guid(0e6134acf6381f141ab37e3bf8d72fff) Importer(815301076,1909f56bfc062723c751e8b465ee728b)  -> (artifact id: '3986585667710e5196e2e55d0d4dd1d2') in 0.005576 seconds
  Import took 0.010401 seconds .

========================================================================
Received Import Request.
  Time since last request: 0.042725 seconds.
  path: Assets/Assets.index
  artifactKey: Guid(413799c53737bb447b723eb3893944c7) Importer(815301076,1909f56bfc062723c751e8b465ee728b)
Start importing Assets/Assets.index using Guid(413799c53737bb447b723eb3893944c7) Importer(815301076,1909f56bfc062723c751e8b465ee728b)  -> (artifact id: 'dc7f5f077c7bf03d03235a787befe149') in 0.006135 seconds
  Import took 0.011036 seconds .

========================================================================
Received Import Request.
  Time since last request: 10.430267 seconds.
  path: Assets/Comparer.cs
  artifactKey: Guid(0e6134acf6381f141ab37e3bf8d72fff) Importer(815301076,1909f56bfc062723c751e8b465ee728b)
Start importing Assets/Comparer.cs using Guid(0e6134acf6381f141ab37e3bf8d72fff) Importer(815301076,1909f56bfc062723c751e8b465ee728b)  -> (artifact id: '7ba848505117dba636bf9a7d1fdb0325') in 0.004645 seconds
  Import took 0.009507 seconds .

========================================================================
Received Import Request.
  Time since last request: 0.047295 seconds.
  path: Assets/Assets.index
  artifactKey: Guid(413799c53737bb447b723eb3893944c7) Importer(815301076,1909f56bfc062723c751e8b465ee728b)
Start importing Assets/Assets.index using Guid(413799c53737bb447b723eb3893944c7) Importer(815301076,1909f56bfc062723c751e8b465ee728b)  -> (artifact id: 'b3e7a77febce1512f45ae37656f51d43') in 0.007361 seconds
  Import took 0.024161 seconds .

========================================================================
Received Import Request.
  Time since last request: 0.002621 seconds.
  path: Assets/Assets.index
  artifactKey: Guid(413799c53737bb447b723eb3893944c7) Importer(815301076,1909f56bfc062723c751e8b465ee728b)
Start importing Assets/Assets.index using Guid(413799c53737bb447b723eb3893944c7) Importer(815301076,1909f56bfc062723c751e8b465ee728b)  -> (artifact id: 'b3e7a77febce1512f45ae37656f51d43') in 0.004889 seconds
  Import took 0.009523 seconds .

========================================================================
Received Import Request.
  Time since last request: 2009.550666 seconds.
  path: Assets/Comparer.cs
  artifactKey: Guid(0e6134acf6381f141ab37e3bf8d72fff) Importer(815301076,1909f56bfc062723c751e8b465ee728b)
Start importing Assets/Comparer.cs using Guid(0e6134acf6381f141ab37e3bf8d72fff) Importer(815301076,1909f56bfc062723c751e8b465ee728b)  -> (artifact id: '937a762ae2c86c61b3b2235eeb763411') in 0.002677 seconds
  Import took 0.007866 seconds .

========================================================================
Received Import Request.
  Time since last request: 0.039840 seconds.
  path: Assets/Comparer.cs
  artifactKey: Guid(0e6134acf6381f141ab37e3bf8d72fff) Importer(815301076,1909f56bfc062723c751e8b465ee728b)
Start importing Assets/Comparer.cs using Guid(0e6134acf6381f141ab37e3bf8d72fff) Importer(815301076,1909f56bfc062723c751e8b465ee728b)  -> (artifact id: '937a762ae2c86c61b3b2235eeb763411') in 0.002820 seconds
  Import took 0.008027 seconds .

========================================================================
Received Import Request.
  Time since last request: 78.278384 seconds.
  path: Assets/Comparer.cs
  artifactKey: Guid(0e6134acf6381f141ab37e3bf8d72fff) Importer(815301076,1909f56bfc062723c751e8b465ee728b)
Start importing Assets/Comparer.cs using Guid(0e6134acf6381f141ab37e3bf8d72fff) Importer(815301076,1909f56bfc062723c751e8b465ee728b)  -> (artifact id: '72350b6f58d3cdb5033bbc41d6826b9e') in 0.003134 seconds
  Import took 0.008490 seconds .

========================================================================
Received Import Request.
  Time since last request: 0.044641 seconds.
  path: Assets/Assets.index
  artifactKey: Guid(413799c53737bb447b723eb3893944c7) Importer(815301076,1909f56bfc062723c751e8b465ee728b)
Start importing Assets/Assets.index using Guid(413799c53737bb447b723eb3893944c7) Importer(815301076,1909f56bfc062723c751e8b465ee728b)  -> (artifact id: '2127736a3bb8029a05fb52cc590ebc24') in 0.006856 seconds
  Import took 0.011779 seconds .

========================================================================
Received Import Request.
  Time since last request: 1153.231456 seconds.
  path: Assets/Comparer.cs
  artifactKey: Guid(0e6134acf6381f141ab37e3bf8d72fff) Importer(815301076,1909f56bfc062723c751e8b465ee728b)
Start importing Assets/Comparer.cs using Guid(0e6134acf6381f141ab37e3bf8d72fff) Importer(815301076,1909f56bfc062723c751e8b465ee728b)  -> (artifact id: '19634b48b55dcab3c114a8ed1f6ed962') in 0.002879 seconds
  Import took 0.008395 seconds .

========================================================================
Received Import Request.
  Time since last request: 0.057792 seconds.
  path: Assets/Assets.index
  artifactKey: Guid(413799c53737bb447b723eb3893944c7) Importer(815301076,1909f56bfc062723c751e8b465ee728b)
Start importing Assets/Assets.index using Guid(413799c53737bb447b723eb3893944c7) Importer(815301076,1909f56bfc062723c751e8b465ee728b)  -> (artifact id: '2e08dac491d8f83ab8cd923f274a9614') in 0.007870 seconds
  Import took 0.013696 seconds .

========================================================================
Received Import Request.
  Time since last request: 0.000964 seconds.
  path: Assets/Assets.index
  artifactKey: Guid(413799c53737bb447b723eb3893944c7) Importer(815301076,1909f56bfc062723c751e8b465ee728b)
Start importing Assets/Assets.index using Guid(413799c53737bb447b723eb3893944c7) Importer(815301076,1909f56bfc062723c751e8b465ee728b)  -> (artifact id: '2e08dac491d8f83ab8cd923f274a9614') in 0.006208 seconds
  Import took 0.011117 seconds .

========================================================================
Received Import Request.
  Time since last request: 38.882031 seconds.
  path: Assets/Assets.index
  artifactKey: Guid(413799c53737bb447b723eb3893944c7) Importer(815301076,1909f56bfc062723c751e8b465ee728b)
Start importing Assets/Assets.index using Guid(413799c53737bb447b723eb3893944c7) Importer(815301076,1909f56bfc062723c751e8b465ee728b)  -> (artifact id: '7d53406dbb137506825816bd03f910b3') in 0.007164 seconds
  Import took 0.011141 seconds .

========================================================================
Received Import Request.
  Time since last request: 61.726979 seconds.
  path: Assets/Comparer.cs
  artifactKey: Guid(0e6134acf6381f141ab37e3bf8d72fff) Importer(815301076,1909f56bfc062723c751e8b465ee728b)
Start importing Assets/Comparer.cs using Guid(0e6134acf6381f141ab37e3bf8d72fff) Importer(815301076,1909f56bfc062723c751e8b465ee728b)  -> (artifact id: 'd32ee012f1cfd294a5a769e5f4c3f66b') in 0.003576 seconds
  Import took 0.008222 seconds .

========================================================================
Received Import Request.
  Time since last request: 0.028042 seconds.
  path: Assets/Assets.index
  artifactKey: Guid(413799c53737bb447b723eb3893944c7) Importer(815301076,1909f56bfc062723c751e8b465ee728b)
Start importing Assets/Assets.index using Guid(413799c53737bb447b723eb3893944c7) Importer(815301076,1909f56bfc062723c751e8b465ee728b)  -> (artifact id: '7a9eac7a55c2ac21e84bc36d58db0460') in 0.004456 seconds
  Import took 0.008990 seconds .

========================================================================
Received Import Request.
  Time since last request: 0.004010 seconds.
  path: Assets/Assets.index
  artifactKey: Guid(413799c53737bb447b723eb3893944c7) Importer(815301076,1909f56bfc062723c751e8b465ee728b)
Start importing Assets/Assets.index using Guid(413799c53737bb447b723eb3893944c7) Importer(815301076,1909f56bfc062723c751e8b465ee728b)  -> (artifact id: '7a9eac7a55c2ac21e84bc36d58db0460') in 0.005131 seconds
  Import took 0.009714 seconds .

========================================================================
Received Import Request.
  Time since last request: 7.337921 seconds.
  path: Assets/Assets.index
  artifactKey: Guid(413799c53737bb447b723eb3893944c7) Importer(815301076,1909f56bfc062723c751e8b465ee728b)
Start importing Assets/Assets.index using Guid(413799c53737bb447b723eb3893944c7) Importer(815301076,1909f56bfc062723c751e8b465ee728b)  -> (artifact id: '317dec3110f187fb8ebf3cb3ade5d0f3') in 0.005240 seconds
  Import took 0.010196 seconds .

========================================================================
Received Import Request.
  Time since last request: 116.007256 seconds.
  path: Assets/Comparer.cs
  artifactKey: Guid(0e6134acf6381f141ab37e3bf8d72fff) Importer(815301076,1909f56bfc062723c751e8b465ee728b)
Start importing Assets/Comparer.cs using Guid(0e6134acf6381f141ab37e3bf8d72fff) Importer(815301076,1909f56bfc062723c751e8b465ee728b)  -> (artifact id: '802baffab785712d3cadf3282c7fffb0') in 0.006297 seconds
  Import took 0.011903 seconds .

========================================================================
Received Import Request.
  Time since last request: 0.026149 seconds.
  path: Assets/Assets.index
  artifactKey: Guid(413799c53737bb447b723eb3893944c7) Importer(815301076,1909f56bfc062723c751e8b465ee728b)
Start importing Assets/Assets.index using Guid(413799c53737bb447b723eb3893944c7) Importer(815301076,1909f56bfc062723c751e8b465ee728b)  -> (artifact id: 'f71529cf89eddfc1d408e67372b2a467') in 0.005043 seconds
  Import took 0.009681 seconds .

========================================================================
Received Import Request.
  Time since last request: 0.002265 seconds.
  path: Assets/Assets.index
  artifactKey: Guid(413799c53737bb447b723eb3893944c7) Importer(815301076,1909f56bfc062723c751e8b465ee728b)
Start importing Assets/Assets.index using Guid(413799c53737bb447b723eb3893944c7) Importer(815301076,1909f56bfc062723c751e8b465ee728b)  -> (artifact id: 'f71529cf89eddfc1d408e67372b2a467') in 0.006139 seconds
  Import took 0.010987 seconds .

========================================================================
Received Import Request.
  Time since last request: 1057.699117 seconds.
  path: Assets/Comparer.cs
  artifactKey: Guid(0e6134acf6381f141ab37e3bf8d72fff) Importer(815301076,1909f56bfc062723c751e8b465ee728b)
Start importing Assets/Comparer.cs using Guid(0e6134acf6381f141ab37e3bf8d72fff) Importer(815301076,1909f56bfc062723c751e8b465ee728b)  -> (artifact id: '8c35b2c8282603985966e839bd1b2be1') in 0.003179 seconds
  Import took 0.008590 seconds .

========================================================================
Received Import Request.
  Time since last request: 0.086005 seconds.
  path: Assets/Assets.index
  artifactKey: Guid(413799c53737bb447b723eb3893944c7) Importer(815301076,1909f56bfc062723c751e8b465ee728b)
Start importing Assets/Assets.index using Guid(413799c53737bb447b723eb3893944c7) Importer(815301076,1909f56bfc062723c751e8b465ee728b)  -> (artifact id: '6683530b0a19225739f318339fbb29f8') in 0.005707 seconds
  Import took 0.010590 seconds .

========================================================================
Received Import Request.
  Time since last request: 33.440113 seconds.
  path: Assets/Comparer.cs
  artifactKey: Guid(0e6134acf6381f141ab37e3bf8d72fff) Importer(815301076,1909f56bfc062723c751e8b465ee728b)
Start importing Assets/Comparer.cs using Guid(0e6134acf6381f141ab37e3bf8d72fff) Importer(815301076,1909f56bfc062723c751e8b465ee728b)  -> (artifact id: '1c2604ba0631840217acc4b5ab0949d6') in 0.006333 seconds
  Import took 0.011382 seconds .

========================================================================
Received Import Request.
  Time since last request: 0.044868 seconds.
  path: Assets/Assets.index
  artifactKey: Guid(413799c53737bb447b723eb3893944c7) Importer(815301076,1909f56bfc062723c751e8b465ee728b)
Start importing Assets/Assets.index using Guid(413799c53737bb447b723eb3893944c7) Importer(815301076,1909f56bfc062723c751e8b465ee728b)  -> (artifact id: 'dce928d8c478822931a035486e59c9b3') in 0.004446 seconds
  Import took 0.009196 seconds .

========================================================================
Received Import Request.
  Time since last request: 2269.545974 seconds.
  path: Assets/Comparer.cs
  artifactKey: Guid(0e6134acf6381f141ab37e3bf8d72fff) Importer(815301076,1909f56bfc062723c751e8b465ee728b)
Start importing Assets/Comparer.cs using Guid(0e6134acf6381f141ab37e3bf8d72fff) Importer(815301076,1909f56bfc062723c751e8b465ee728b)  -> (artifact id: '83479e665a94605914c54227c28a10e9') in 0.002196 seconds
  Import took 0.007562 seconds .

========================================================================
Received Import Request.
  Time since last request: 0.033314 seconds.
  path: Assets/Comparer.cs
  artifactKey: Guid(0e6134acf6381f141ab37e3bf8d72fff) Importer(815301076,1909f56bfc062723c751e8b465ee728b)
Start importing Assets/Comparer.cs using Guid(0e6134acf6381f141ab37e3bf8d72fff) Importer(815301076,1909f56bfc062723c751e8b465ee728b)  -> (artifact id: '83479e665a94605914c54227c28a10e9') in 0.002701 seconds
  Import took 0.008113 seconds .

========================================================================
Received Import Request.
  Time since last request: 36.528765 seconds.
  path: Assets/Comparer.cs
  artifactKey: Guid(0e6134acf6381f141ab37e3bf8d72fff) Importer(815301076,1909f56bfc062723c751e8b465ee728b)
Start importing Assets/Comparer.cs using Guid(0e6134acf6381f141ab37e3bf8d72fff) Importer(815301076,1909f56bfc062723c751e8b465ee728b)  -> (artifact id: '109e483ef9b48d4e252a46809bf6b862') in 0.003616 seconds
  Import took 0.008566 seconds .

========================================================================
Received Import Request.
  Time since last request: 0.071714 seconds.
  path: Assets/Assets.index
  artifactKey: Guid(413799c53737bb447b723eb3893944c7) Importer(815301076,1909f56bfc062723c751e8b465ee728b)
Start importing Assets/Assets.index using Guid(413799c53737bb447b723eb3893944c7) Importer(815301076,1909f56bfc062723c751e8b465ee728b)  -> (artifact id: 'b18d21949c776e7832aed36b7094d975') in 0.005961 seconds
  Import took 0.011227 seconds .

========================================================================
Received Import Request.
  Time since last request: 0.011180 seconds.
  path: Assets/Assets.index
  artifactKey: Guid(413799c53737bb447b723eb3893944c7) Importer(815301076,1909f56bfc062723c751e8b465ee728b)
Start importing Assets/Assets.index using Guid(413799c53737bb447b723eb3893944c7) Importer(815301076,1909f56bfc062723c751e8b465ee728b)  -> (artifact id: 'b18d21949c776e7832aed36b7094d975') in 0.021153 seconds
  Import took 0.026783 seconds .

========================================================================
Received Import Request.
  Time since last request: 275.589402 seconds.
  path: Assets/Assets.index
  artifactKey: Guid(413799c53737bb447b723eb3893944c7) Importer(815301076,1909f56bfc062723c751e8b465ee728b)
Start importing Assets/Assets.index using Guid(413799c53737bb447b723eb3893944c7) Importer(815301076,1909f56bfc062723c751e8b465ee728b)  -> (artifact id: 'c39f4ec2724d6974d19839ef6b5f2e6c') in 0.007020 seconds
  Import took 0.012479 seconds .

========================================================================
Received Import Request.
  Time since last request: 68.830744 seconds.
  path: Assets/Assets.index
  artifactKey: Guid(413799c53737bb447b723eb3893944c7) Importer(815301076,1909f56bfc062723c751e8b465ee728b)
Start importing Assets/Assets.index using Guid(413799c53737bb447b723eb3893944c7) Importer(815301076,1909f56bfc062723c751e8b465ee728b)  -> (artifact id: '2778e48d9ce25d4f5668259da42b2c30') in 0.005583 seconds
  Import took 0.010623 seconds .

========================================================================
Received Import Request.
  Time since last request: 746.606040 seconds.
  path: Assets/Comparer.cs
  artifactKey: Guid(0e6134acf6381f141ab37e3bf8d72fff) Importer(815301076,1909f56bfc062723c751e8b465ee728b)
Start importing Assets/Comparer.cs using Guid(0e6134acf6381f141ab37e3bf8d72fff) Importer(815301076,1909f56bfc062723c751e8b465ee728b)  -> (artifact id: '5d2d37f35b6abf2ee9ca042d9884e3bf') in 0.004444 seconds
  Import took 0.014335 seconds .

========================================================================
Received Import Request.
  Time since last request: 0.050405 seconds.
  path: Assets/Assets.index
  artifactKey: Guid(413799c53737bb447b723eb3893944c7) Importer(815301076,1909f56bfc062723c751e8b465ee728b)
Start importing Assets/Assets.index using Guid(413799c53737bb447b723eb3893944c7) Importer(815301076,1909f56bfc062723c751e8b465ee728b)  -> (artifact id: '496023141c4a0ce1042afa92db53f059') in 0.004984 seconds
  Import took 0.009770 seconds .

========================================================================
Received Import Request.
  Time since last request: 90.547315 seconds.
  path: Assets/Assets.index
  artifactKey: Guid(413799c53737bb447b723eb3893944c7) Importer(815301076,1909f56bfc062723c751e8b465ee728b)
Start importing Assets/Assets.index using Guid(413799c53737bb447b723eb3893944c7) Importer(815301076,1909f56bfc062723c751e8b465ee728b)  -> (artifact id: '25ad3cc3777563d64275efea98908685') in 0.006339 seconds
  Import took 0.012416 seconds .

========================================================================
Received Import Request.
  Time since last request: 91.101149 seconds.
  path: Assets/Assets.index
  artifactKey: Guid(413799c53737bb447b723eb3893944c7) Importer(815301076,1909f56bfc062723c751e8b465ee728b)
Start importing Assets/Assets.index using Guid(413799c53737bb447b723eb3893944c7) Importer(815301076,1909f56bfc062723c751e8b465ee728b)  -> (artifact id: '7761aa16f657507a207e861ba6c91b62') in 0.004389 seconds
  Import took 0.009337 seconds .

========================================================================
Received Import Request.
  Time since last request: 42.558488 seconds.
  path: Assets/Assets.index
  artifactKey: Guid(413799c53737bb447b723eb3893944c7) Importer(815301076,1909f56bfc062723c751e8b465ee728b)
Start importing Assets/Assets.index using Guid(413799c53737bb447b723eb3893944c7) Importer(815301076,1909f56bfc062723c751e8b465ee728b)  -> (artifact id: 'd4373863e5bd504a3d9e177e9a468b26') in 0.007367 seconds
  Import took 0.012201 seconds .

========================================================================
Received Import Request.
  Time since last request: 219.695823 seconds.
  path: Assets/Assets.index
  artifactKey: Guid(413799c53737bb447b723eb3893944c7) Importer(815301076,1909f56bfc062723c751e8b465ee728b)
Start importing Assets/Assets.index using Guid(413799c53737bb447b723eb3893944c7) Importer(815301076,1909f56bfc062723c751e8b465ee728b)  -> (artifact id: 'b0e493f7c49d481145e21875dace85d6') in 0.005775 seconds
  Import took 0.011170 seconds .

========================================================================
Received Import Request.
  Time since last request: 75.165127 seconds.
  path: Assets/Assets.index
  artifactKey: Guid(413799c53737bb447b723eb3893944c7) Importer(815301076,1909f56bfc062723c751e8b465ee728b)
Start importing Assets/Assets.index using Guid(413799c53737bb447b723eb3893944c7) Importer(815301076,1909f56bfc062723c751e8b465ee728b)  -> (artifact id: '1a4c196229ce0bb2746d8f2cba620768') in 0.004580 seconds
  Import took 0.009616 seconds .

========================================================================
Received Import Request.
  Time since last request: 26.022697 seconds.
  path: Assets/Assets.index
  artifactKey: Guid(413799c53737bb447b723eb3893944c7) Importer(815301076,1909f56bfc062723c751e8b465ee728b)
Start importing Assets/Assets.index using Guid(413799c53737bb447b723eb3893944c7) Importer(815301076,1909f56bfc062723c751e8b465ee728b)  -> (artifact id: '46faa483d7dae786d3f99e7fcc9cbf4d') in 0.006860 seconds
  Import took 0.011818 seconds .

========================================================================
Received Import Request.
  Time since last request: 23.566047 seconds.
  path: Assets/Assets.index
  artifactKey: Guid(413799c53737bb447b723eb3893944c7) Importer(815301076,1909f56bfc062723c751e8b465ee728b)
Start importing Assets/Assets.index using Guid(413799c53737bb447b723eb3893944c7) Importer(815301076,1909f56bfc062723c751e8b465ee728b)  -> (artifact id: 'a7f8e7472712492c0ba6ae1e7921b6e0') in 0.005483 seconds
  Import took 0.010634 seconds .

========================================================================
Received Import Request.
  Time since last request: 415.381529 seconds.
  path: Assets/Assets.index
  artifactKey: Guid(413799c53737bb447b723eb3893944c7) Importer(815301076,1909f56bfc062723c751e8b465ee728b)
Start importing Assets/Assets.index using Guid(413799c53737bb447b723eb3893944c7) Importer(815301076,1909f56bfc062723c751e8b465ee728b)  -> (artifact id: '4c1b7bf752bcc642dee5824a78df7019') in 0.008501 seconds
  Import took 0.013223 seconds .

========================================================================
Received Import Request.
  Time since last request: 405.579826 seconds.
  path: Assets/Comparer.cs
  artifactKey: Guid(0e6134acf6381f141ab37e3bf8d72fff) Importer(815301076,1909f56bfc062723c751e8b465ee728b)
Start importing Assets/Comparer.cs using Guid(0e6134acf6381f141ab37e3bf8d72fff) Importer(815301076,1909f56bfc062723c751e8b465ee728b)  -> (artifact id: '646be1fb31b72bfd716f5560b7f33bb7') in 0.003946 seconds
  Import took 0.009016 seconds .

========================================================================
Received Import Request.
  Time since last request: 0.044355 seconds.
  path: Assets/Assets.index
  artifactKey: Guid(413799c53737bb447b723eb3893944c7) Importer(815301076,1909f56bfc062723c751e8b465ee728b)
Start importing Assets/Assets.index using Guid(413799c53737bb447b723eb3893944c7) Importer(815301076,1909f56bfc062723c751e8b465ee728b)  -> (artifact id: '890ec0d4b272972b11a381184b591e9c') in 0.004680 seconds
  Import took 0.009638 seconds .

========================================================================
Received Import Request.
  Time since last request: 35.253665 seconds.
  path: Assets/Comparer.cs
  artifactKey: Guid(0e6134acf6381f141ab37e3bf8d72fff) Importer(815301076,1909f56bfc062723c751e8b465ee728b)
Start importing Assets/Comparer.cs using Guid(0e6134acf6381f141ab37e3bf8d72fff) Importer(815301076,1909f56bfc062723c751e8b465ee728b)  -> (artifact id: '10e610e0b90dec59280260a6582d5c15') in 0.003481 seconds
  Import took 0.008991 seconds .

========================================================================
Received Import Request.
  Time since last request: 0.051986 seconds.
  path: Assets/Assets.index
  artifactKey: Guid(413799c53737bb447b723eb3893944c7) Importer(815301076,1909f56bfc062723c751e8b465ee728b)
Start importing Assets/Assets.index using Guid(413799c53737bb447b723eb3893944c7) Importer(815301076,1909f56bfc062723c751e8b465ee728b)  -> (artifact id: '9a6b25aac798ca04d74543cd7d613825') in 0.009968 seconds
  Import took 0.016435 seconds .

========================================================================
Received Import Request.
  Time since last request: 0.006308 seconds.
  path: Assets/Assets.index
  artifactKey: Guid(413799c53737bb447b723eb3893944c7) Importer(815301076,1909f56bfc062723c751e8b465ee728b)
Start importing Assets/Assets.index using Guid(413799c53737bb447b723eb3893944c7) Importer(815301076,1909f56bfc062723c751e8b465ee728b)  -> (artifact id: '9a6b25aac798ca04d74543cd7d613825') in 0.006001 seconds
  Import took 0.010711 seconds .

========================================================================
Received Import Request.
  Time since last request: 10.415244 seconds.
  path: Assets/Comparer.cs
  artifactKey: Guid(0e6134acf6381f141ab37e3bf8d72fff) Importer(815301076,1909f56bfc062723c751e8b465ee728b)
Start importing Assets/Comparer.cs using Guid(0e6134acf6381f141ab37e3bf8d72fff) Importer(815301076,1909f56bfc062723c751e8b465ee728b)  -> (artifact id: 'fe7cd8e1b927e3ad34cf7321acc079ec') in 0.004038 seconds
  Import took 0.008946 seconds .

========================================================================
Received Import Request.
  Time since last request: 0.043985 seconds.
  path: Assets/Assets.index
  artifactKey: Guid(413799c53737bb447b723eb3893944c7) Importer(815301076,1909f56bfc062723c751e8b465ee728b)
Start importing Assets/Assets.index using Guid(413799c53737bb447b723eb3893944c7) Importer(815301076,1909f56bfc062723c751e8b465ee728b)  -> (artifact id: 'e2ec3860b5f2fe08858e4b257b04f975') in 0.005179 seconds
  Import took 0.010129 seconds .

========================================================================
Received Import Request.
  Time since last request: 7.531433 seconds.
  path: Assets/Comparer.cs
  artifactKey: Guid(0e6134acf6381f141ab37e3bf8d72fff) Importer(815301076,1909f56bfc062723c751e8b465ee728b)
Start importing Assets/Comparer.cs using Guid(0e6134acf6381f141ab37e3bf8d72fff) Importer(815301076,1909f56bfc062723c751e8b465ee728b)  -> (artifact id: '1af141685921d9f84ce68edfee0ff88a') in 0.005756 seconds
  Import took 0.010720 seconds .

========================================================================
Received Import Request.
  Time since last request: 0.043058 seconds.
  path: Assets/Assets.index
  artifactKey: Guid(413799c53737bb447b723eb3893944c7) Importer(815301076,1909f56bfc062723c751e8b465ee728b)
Start importing Assets/Assets.index using Guid(413799c53737bb447b723eb3893944c7) Importer(815301076,1909f56bfc062723c751e8b465ee728b)  -> (artifact id: 'bf42b613b03f0fdbfb11fdee74acce77') in 0.004243 seconds
  Import took 0.009042 seconds .

========================================================================
Received Import Request.
  Time since last request: 8.372069 seconds.
  path: Assets/Comparer.cs
  artifactKey: Guid(0e6134acf6381f141ab37e3bf8d72fff) Importer(815301076,1909f56bfc062723c751e8b465ee728b)
Start importing Assets/Comparer.cs using Guid(0e6134acf6381f141ab37e3bf8d72fff) Importer(815301076,1909f56bfc062723c751e8b465ee728b)  -> (artifact id: '263df3a83a48340cffca151c2af7928e') in 0.003059 seconds
  Import took 0.008080 seconds .

========================================================================
Received Import Request.
  Time since last request: 0.082473 seconds.
  path: Assets/Assets.index
  artifactKey: Guid(413799c53737bb447b723eb3893944c7) Importer(815301076,1909f56bfc062723c751e8b465ee728b)
Start importing Assets/Assets.index using Guid(413799c53737bb447b723eb3893944c7) Importer(815301076,1909f56bfc062723c751e8b465ee728b)  -> (artifact id: 'e4e5571a2f8feca0def68868459b5ef4') in 0.008320 seconds
  Import took 0.013523 seconds .

========================================================================
Received Import Request.
  Time since last request: 0.009482 seconds.
  path: Assets/Assets.index
  artifactKey: Guid(413799c53737bb447b723eb3893944c7) Importer(815301076,1909f56bfc062723c751e8b465ee728b)
Start importing Assets/Assets.index using Guid(413799c53737bb447b723eb3893944c7) Importer(815301076,1909f56bfc062723c751e8b465ee728b)  -> (artifact id: 'e4e5571a2f8feca0def68868459b5ef4') in 0.004526 seconds
  Import took 0.013605 seconds .

========================================================================
Received Import Request.
  Time since last request: 56.652844 seconds.
  path: Assets/Comparer.cs
  artifactKey: Guid(0e6134acf6381f141ab37e3bf8d72fff) Importer(815301076,1909f56bfc062723c751e8b465ee728b)
Start importing Assets/Comparer.cs using Guid(0e6134acf6381f141ab37e3bf8d72fff) Importer(815301076,1909f56bfc062723c751e8b465ee728b)  -> (artifact id: 'fced8863165a724ffc92fb357d761deb') in 0.003787 seconds
  Import took 0.008620 seconds .

========================================================================
Received Import Request.
  Time since last request: 0.075110 seconds.
  path: Assets/Assets.index
  artifactKey: Guid(413799c53737bb447b723eb3893944c7) Importer(815301076,1909f56bfc062723c751e8b465ee728b)
Start importing Assets/Assets.index using Guid(413799c53737bb447b723eb3893944c7) Importer(815301076,1909f56bfc062723c751e8b465ee728b)  -> (artifact id: '0d98bb3fd12426098e67c0c55bb6c039') in 0.005640 seconds
  Import took 0.011729 seconds .

========================================================================
Received Import Request.
  Time since last request: 21.269895 seconds.
  path: Assets/Comparer.cs
  artifactKey: Guid(0e6134acf6381f141ab37e3bf8d72fff) Importer(815301076,1909f56bfc062723c751e8b465ee728b)
Start importing Assets/Comparer.cs using Guid(0e6134acf6381f141ab37e3bf8d72fff) Importer(815301076,1909f56bfc062723c751e8b465ee728b)  -> (artifact id: 'a9236c187ac39a16dbed99acbc52c8f1') in 0.003930 seconds
  Import took 0.009050 seconds .

========================================================================
Received Import Request.
  Time since last request: 0.050860 seconds.
  path: Assets/Assets.index
  artifactKey: Guid(413799c53737bb447b723eb3893944c7) Importer(815301076,1909f56bfc062723c751e8b465ee728b)
Start importing Assets/Assets.index using Guid(413799c53737bb447b723eb3893944c7) Importer(815301076,1909f56bfc062723c751e8b465ee728b)  -> (artifact id: 'dc19908e9721f42e4a3ef73b999cd0df') in 0.005509 seconds
  Import took 0.010603 seconds .

========================================================================
Received Import Request.
  Time since last request: 0.008492 seconds.
  path: Assets/Assets.index
  artifactKey: Guid(413799c53737bb447b723eb3893944c7) Importer(815301076,1909f56bfc062723c751e8b465ee728b)
Start importing Assets/Assets.index using Guid(413799c53737bb447b723eb3893944c7) Importer(815301076,1909f56bfc062723c751e8b465ee728b)  -> (artifact id: 'dc19908e9721f42e4a3ef73b999cd0df') in 0.005906 seconds
  Import took 0.010651 seconds .

========================================================================
Received Import Request.
  Time since last request: 29.925823 seconds.
  path: Assets/Comparer.cs
  artifactKey: Guid(0e6134acf6381f141ab37e3bf8d72fff) Importer(815301076,1909f56bfc062723c751e8b465ee728b)
Start importing Assets/Comparer.cs using Guid(0e6134acf6381f141ab37e3bf8d72fff) Importer(815301076,1909f56bfc062723c751e8b465ee728b)  -> (artifact id: 'c050982fd890fa2f33ba322def9b5a57') in 0.003197 seconds
  Import took 0.007921 seconds .

========================================================================
Received Import Request.
  Time since last request: 0.076021 seconds.
  path: Assets/Assets.index
  artifactKey: Guid(413799c53737bb447b723eb3893944c7) Importer(815301076,1909f56bfc062723c751e8b465ee728b)
Start importing Assets/Assets.index using Guid(413799c53737bb447b723eb3893944c7) Importer(815301076,1909f56bfc062723c751e8b465ee728b)  -> (artifact id: '6b0e2890123f95a9bea852efdb50f91a') in 0.009929 seconds
  Import took 0.019596 seconds .

========================================================================
Received Import Request.
  Time since last request: 0.002420 seconds.
  path: Assets/Assets.index
  artifactKey: Guid(413799c53737bb447b723eb3893944c7) Importer(815301076,1909f56bfc062723c751e8b465ee728b)
Start importing Assets/Assets.index using Guid(413799c53737bb447b723eb3893944c7) Importer(815301076,1909f56bfc062723c751e8b465ee728b)  -> (artifact id: '6b0e2890123f95a9bea852efdb50f91a') in 0.006401 seconds
  Import took 0.011458 seconds .

========================================================================
Received Import Request.
  Time since last request: 566.647553 seconds.
  path: Assets/Assets.index
  artifactKey: Guid(413799c53737bb447b723eb3893944c7) Importer(815301076,1909f56bfc062723c751e8b465ee728b)
Start importing Assets/Assets.index using Guid(413799c53737bb447b723eb3893944c7) Importer(815301076,1909f56bfc062723c751e8b465ee728b)  -> (artifact id: '8c0461892afe971f6b87c24e23f5aaef') in 0.006648 seconds
  Import took 0.011432 seconds .

========================================================================
Received Import Request.
  Time since last request: 15.598332 seconds.
  path: Assets/Assets.index
  artifactKey: Guid(413799c53737bb447b723eb3893944c7) Importer(815301076,1909f56bfc062723c751e8b465ee728b)
Start importing Assets/Assets.index using Guid(413799c53737bb447b723eb3893944c7) Importer(815301076,1909f56bfc062723c751e8b465ee728b)  -> (artifact id: '3da91d8a18e8037150a92d9a02a4c512') in 0.004516 seconds
  Import took 0.009387 seconds .

========================================================================
Received Import Request.
  Time since last request: 25.809835 seconds.
  path: Assets/Assets.index
  artifactKey: Guid(413799c53737bb447b723eb3893944c7) Importer(815301076,1909f56bfc062723c751e8b465ee728b)
Start importing Assets/Assets.index using Guid(413799c53737bb447b723eb3893944c7) Importer(815301076,1909f56bfc062723c751e8b465ee728b)  -> (artifact id: '899788912bd4a93203f3e73c98207ae1') in 0.004502 seconds
  Import took 0.009338 seconds .

========================================================================
Received Prepare
Registering precompiled user dll's ...
Registered in 0.009656 seconds.
Begin MonoManager ReloadAssembly
Native extension for WindowsStandalone target not found
Refreshing native plugins compatible for Editor in 0.75 ms, found 5 plugins.
Preloading 0 native plugins for Editor in 0.00 ms.
Mono: successfully reloaded assembly
- Completed reload, in  1.060 seconds
Platform modules already initialized, skipping
Shader 'Universal Render Pipeline/Particles/Lit': fallback shader 'Universal Render Pipeline/Particles/SimpleLit' not found
Refreshing native plugins compatible for Editor in 0.73 ms, found 5 plugins.
Preloading 0 native plugins for Editor in 0.00 ms.
Unloading 3272 Unused Serialized files (Serialized files now loaded: 0)
System memory in use before: 136.3 MB.
System memory in use after: 136.4 MB.

Unloading 44 unused Assets to reduce memory usage. Loaded Objects now: 3794.
Total: 2.393700 ms (FindLiveObjects: 0.368900 ms CreateObjectMapping: 0.086900 ms MarkObjects: 1.814600 ms  DeleteObjects: 0.122100 ms)

========================================================================
Received Prepare
Registering precompiled user dll's ...
Registered in 0.009311 seconds.
Begin MonoManager ReloadAssembly
Native extension for WindowsStandalone target not found
Refreshing native plugins compatible for Editor in 0.80 ms, found 5 plugins.
Preloading 0 native plugins for Editor in 0.00 ms.
Mono: successfully reloaded assembly
- Completed reload, in  1.213 seconds
Platform modules already initialized, skipping
Shader 'Universal Render Pipeline/Particles/Lit': fallback shader 'Universal Render Pipeline/Particles/SimpleLit' not found
Refreshing native plugins compatible for Editor in 0.85 ms, found 5 plugins.
Preloading 0 native plugins for Editor in 0.00 ms.
Unloading 3272 Unused Serialized files (Serialized files now loaded: 0)
System memory in use before: 136.3 MB.
System memory in use after: 136.4 MB.

Unloading 44 unused Assets to reduce memory usage. Loaded Objects now: 3798.
Total: 2.801900 ms (FindLiveObjects: 0.405100 ms CreateObjectMapping: 0.095900 ms MarkObjects: 2.168800 ms  DeleteObjects: 0.130400 ms)

